[2014-06-19 19:32:56] system.debug: --> $_REQUEST_URI: /tutorials/hello_ajax/index  
[2014-06-19 19:32:56] system.debug: --> Global POST and COOKIE data sanitized  
[2014-06-19 19:32:56] system.debug: --> $_COOKIE:  array (  'session' => 'uvnnfjdgck00j942gehj95rhf4',) 
[2014-06-19 19:32:56] system.debug: --> $_POST:  array (  'email' => '',  'password' => '',  'confirm_password' => '',) 
[2014-06-19 19:32:56] system.debug: --> $_GET:   
[2014-06-19 19:32:56] system.debug: --> Uri Class Initialized  
[2014-06-19 19:32:56] system.debug: --> Request Class Initialized  
[2014-06-19 19:32:56] system.debug: --> Router Class Initialized array (  'host' => 'demo_blog',) 
[2014-06-19 19:32:56] system.debug: --> Translation file loaded: /var/www/demo_blog/app/translations/en/validator.php  
[2014-06-19 19:32:56] system.debug: --> Validator Class Initialized  
[2014-06-19 19:32:56] system.debug: --> Response Class Initialized  
[2014-06-19 19:32:56] system.debug: --> Form Class Initialized  
[2014-06-19 19:32:56] system.debug: --> Translator Class Initialized  
[2014-06-19 19:32:56] system.debug: --> Final output sent to browser array (  'time' => '0.0047',  'memory' => '1.3 MB',) 
[2014-06-19 19:33:03] system.debug: --> $_REQUEST_URI: /tutorials/hello_ajax/index  
[2014-06-19 19:33:03] system.debug: --> Global POST and COOKIE data sanitized  
[2014-06-19 19:33:03] system.debug: --> $_COOKIE:  array (  'session' => 'uvnnfjdgck00j942gehj95rhf4',) 
[2014-06-19 19:33:03] system.debug: --> $_POST:  array (  'email' => '',  'password' => '',  'confirm_password' => '',) 
[2014-06-19 19:33:03] system.debug: --> $_GET:   
[2014-06-19 19:33:03] system.debug: --> Uri Class Initialized  
[2014-06-19 19:33:03] system.debug: --> Request Class Initialized  
[2014-06-19 19:33:03] system.debug: --> Router Class Initialized array (  'host' => 'demo_blog',) 
[2014-06-19 19:33:03] system.debug: --> Translation file loaded: /var/www/demo_blog/app/translations/en/validator.php  
[2014-06-19 19:33:03] system.debug: --> Validator Class Initialized  
[2014-06-19 19:33:03] system.debug: --> Response Class Initialized  
[2014-06-19 19:33:03] system.debug: --> Form Class Initialized  
[2014-06-19 19:33:03] system.debug: --> Translator Class Initialized  
[2014-06-19 19:33:03] system.debug: --> Final output sent to browser array (  'time' => '0.0047',  'memory' => '1.3 MB',) 
[2014-06-19 19:33:14] system.debug: --> $_REQUEST_URI: /tutorials/hello_ajax/index  
[2014-06-19 19:33:14] system.debug: --> Global POST and COOKIE data sanitized  
[2014-06-19 19:33:14] system.debug: --> $_COOKIE:  array (  'session' => 'uvnnfjdgck00j942gehj95rhf4',) 
[2014-06-19 19:33:14] system.debug: --> $_POST:  array (  'email' => '',  'password' => '',  'confirm_password' => '',) 
[2014-06-19 19:33:14] system.debug: --> $_GET:   
[2014-06-19 19:33:14] system.debug: --> Uri Class Initialized  
[2014-06-19 19:33:14] system.debug: --> Request Class Initialized  
[2014-06-19 19:33:14] system.debug: --> Router Class Initialized array (  'host' => 'demo_blog',) 
[2014-06-19 19:33:14] system.debug: --> Translation file loaded: /var/www/demo_blog/app/translations/en/validator.php  
[2014-06-19 19:33:14] system.debug: --> Validator Class Initialized  
[2014-06-19 19:33:14] system.debug: --> Response Class Initialized  
[2014-06-19 19:33:14] system.debug: --> Form Class Initialized  
[2014-06-19 19:33:14] system.debug: --> Translator Class Initialized  
[2014-06-19 19:33:14] system.debug: --> Final output sent to browser array (  'time' => '0.0058',  'memory' => '1.3 MB',) 
[2014-06-19 19:33:18] system.debug: --> $_REQUEST_URI: /tutorials/hello_ajax/index  
[2014-06-19 19:33:18] system.debug: --> Global POST and COOKIE data sanitized  
[2014-06-19 19:33:18] system.debug: --> $_COOKIE:  array (  'session' => 'uvnnfjdgck00j942gehj95rhf4',) 
[2014-06-19 19:33:18] system.debug: --> $_POST:  array (  'email' => '',  'password' => '',  'confirm_password' => '',) 
[2014-06-19 19:33:18] system.debug: --> $_GET:   
[2014-06-19 19:33:18] system.debug: --> Uri Class Initialized  
[2014-06-19 19:33:18] system.debug: --> Request Class Initialized  
[2014-06-19 19:33:18] system.debug: --> Router Class Initialized array (  'host' => 'demo_blog',) 
[2014-06-19 19:33:18] system.debug: --> Translation file loaded: /var/www/demo_blog/app/translations/en/validator.php  
[2014-06-19 19:33:18] system.debug: --> Validator Class Initialized  
[2014-06-19 19:33:18] system.debug: --> Response Class Initialized  
[2014-06-19 19:33:18] system.debug: --> Form Class Initialized  
[2014-06-19 19:33:18] system.debug: --> Translator Class Initialized  
[2014-06-19 19:33:18] system.debug: --> Final output sent to browser array (  'time' => '0.0059',  'memory' => '1.3 MB',) 
[2014-06-19 19:33:20] system.debug: --> $_REQUEST_URI: /tutorials/hello_ajax/index  
[2014-06-19 19:33:20] system.debug: --> Global POST and COOKIE data sanitized  
[2014-06-19 19:33:20] system.debug: --> $_COOKIE:  array (  'session' => 'uvnnfjdgck00j942gehj95rhf4',) 
[2014-06-19 19:33:20] system.debug: --> $_POST:  array (  'email' => '',  'password' => '',  'confirm_password' => '',) 
[2014-06-19 19:33:20] system.debug: --> $_GET:   
[2014-06-19 19:33:20] system.debug: --> Uri Class Initialized  
[2014-06-19 19:33:20] system.debug: --> Request Class Initialized  
[2014-06-19 19:33:20] system.debug: --> Router Class Initialized array (  'host' => 'demo_blog',) 
[2014-06-19 19:33:20] system.debug: --> Translation file loaded: /var/www/demo_blog/app/translations/en/validator.php  
[2014-06-19 19:33:20] system.debug: --> Validator Class Initialized  
[2014-06-19 19:33:20] system.debug: --> Response Class Initialized  
[2014-06-19 19:33:20] system.debug: --> Form Class Initialized  
[2014-06-19 19:33:20] system.debug: --> Translator Class Initialized  
[2014-06-19 19:33:20] system.debug: --> Final output sent to browser array (  'time' => '0.0046',  'memory' => '1.3 MB',) 
[2014-06-19 19:33:49] system.debug: --> $_REQUEST_URI: /tutorials/hello_ajax/index  
[2014-06-19 19:33:49] system.debug: --> Global POST and COOKIE data sanitized  
[2014-06-19 19:33:49] system.debug: --> $_COOKIE:  array (  'session' => 'uvnnfjdgck00j942gehj95rhf4',) 
[2014-06-19 19:33:49] system.debug: --> $_POST:  array (  'email' => '',  'password' => '',  'confirm_password' => '',) 
[2014-06-19 19:33:49] system.debug: --> $_GET:   
[2014-06-19 19:33:49] system.debug: --> Uri Class Initialized  
[2014-06-19 19:33:49] system.debug: --> Request Class Initialized  
[2014-06-19 19:33:49] system.debug: --> Router Class Initialized array (  'host' => 'demo_blog',) 
[2014-06-19 19:33:49] system.debug: --> Translation file loaded: /var/www/demo_blog/app/translations/en/validator.php  
[2014-06-19 19:33:49] system.debug: --> Validator Class Initialized  
[2014-06-19 19:33:49] system.debug: --> Response Class Initialized  
[2014-06-19 19:33:49] system.debug: --> Form Class Initialized  
[2014-06-19 19:33:49] system.debug: --> Translator Class Initialized  
[2014-06-19 19:33:49] system.debug: --> Final output sent to browser array (  'time' => '0.0071',  'memory' => '1.3 MB',) 
[2014-06-19 19:33:55] system.debug: --> $_REQUEST_URI: /tutorials/hello_ajax/index  
[2014-06-19 19:33:55] system.debug: --> Global POST and COOKIE data sanitized  
[2014-06-19 19:33:55] system.debug: --> $_COOKIE:  array (  'session' => 'uvnnfjdgck00j942gehj95rhf4',) 
[2014-06-19 19:33:55] system.debug: --> $_POST:  array (  'email' => '',  'password' => '',  'confirm_password' => '',) 
[2014-06-19 19:33:55] system.debug: --> $_GET:   
[2014-06-19 19:33:55] system.debug: --> Uri Class Initialized  
[2014-06-19 19:33:55] system.debug: --> Request Class Initialized  
[2014-06-19 19:33:55] system.debug: --> Router Class Initialized array (  'host' => 'demo_blog',) 
[2014-06-19 19:33:55] system.debug: --> Translation file loaded: /var/www/demo_blog/app/translations/en/validator.php  
[2014-06-19 19:33:55] system.debug: --> Validator Class Initialized  
[2014-06-19 19:33:55] system.debug: --> Response Class Initialized  
[2014-06-19 19:33:55] system.debug: --> Form Class Initialized  
[2014-06-19 19:33:55] system.debug: --> Translator Class Initialized  
[2014-06-19 19:33:55] system.debug: --> Final output sent to browser array (  'time' => '0.0077',  'memory' => '1.3 MB',) 
[2014-06-19 19:33:56] system.debug: --> $_REQUEST_URI: /tutorials/hello_ajax/index  
[2014-06-19 19:33:56] system.debug: --> Global POST and COOKIE data sanitized  
[2014-06-19 19:33:56] system.debug: --> $_COOKIE:  array (  'session' => 'uvnnfjdgck00j942gehj95rhf4',) 
[2014-06-19 19:33:56] system.debug: --> $_POST:  array (  'email' => '',  'password' => '',  'confirm_password' => '',) 
[2014-06-19 19:33:56] system.debug: --> $_GET:   
[2014-06-19 19:33:56] system.debug: --> Uri Class Initialized  
[2014-06-19 19:33:56] system.debug: --> Request Class Initialized  
[2014-06-19 19:33:56] system.debug: --> Router Class Initialized array (  'host' => 'demo_blog',) 
[2014-06-19 19:33:56] system.debug: --> Translation file loaded: /var/www/demo_blog/app/translations/en/validator.php  
[2014-06-19 19:33:56] system.debug: --> Validator Class Initialized  
[2014-06-19 19:33:56] system.debug: --> Response Class Initialized  
[2014-06-19 19:33:56] system.debug: --> Form Class Initialized  
[2014-06-19 19:33:56] system.debug: --> Translator Class Initialized  
[2014-06-19 19:33:56] system.debug: --> Final output sent to browser array (  'time' => '0.0046',  'memory' => '1.3 MB',) 
[2014-06-19 19:33:56] system.debug: --> $_REQUEST_URI: /tutorials/hello_ajax/index  
[2014-06-19 19:33:56] system.debug: --> Global POST and COOKIE data sanitized  
[2014-06-19 19:33:56] system.debug: --> $_COOKIE:  array (  'session' => 'uvnnfjdgck00j942gehj95rhf4',) 
[2014-06-19 19:33:56] system.debug: --> $_POST:  array (  'email' => '',  'password' => '',  'confirm_password' => '',) 
[2014-06-19 19:33:56] system.debug: --> $_GET:   
[2014-06-19 19:33:56] system.debug: --> Uri Class Initialized  
[2014-06-19 19:33:56] system.debug: --> Request Class Initialized  
[2014-06-19 19:33:56] system.debug: --> Router Class Initialized array (  'host' => 'demo_blog',) 
[2014-06-19 19:33:56] system.debug: --> Translation file loaded: /var/www/demo_blog/app/translations/en/validator.php  
[2014-06-19 19:33:56] system.debug: --> Validator Class Initialized  
[2014-06-19 19:33:56] system.debug: --> Response Class Initialized  
[2014-06-19 19:33:56] system.debug: --> Form Class Initialized  
[2014-06-19 19:33:56] system.debug: --> Translator Class Initialized  
[2014-06-19 19:33:56] system.debug: --> Final output sent to browser array (  'time' => '0.0052',  'memory' => '1.3 MB',) 
[2014-06-19 20:56:07] system.debug: --> $_REQUEST_URI: /tutorials/hello_ajax/index  
[2014-06-19 20:56:07] system.debug: --> Global POST and COOKIE data sanitized  
[2014-06-19 20:56:07] system.debug: --> $_COOKIE:  array (  'session' => '7rrptkolrrdspgi0n8nfqhjnj0',) 
[2014-06-19 20:56:07] system.debug: --> $_POST:  array (  'email' => '',  'password' => '',  'confirm_password' => '',) 
[2014-06-19 20:56:07] system.debug: --> $_GET:   
[2014-06-19 20:56:07] system.debug: --> Uri Class Initialized  
[2014-06-19 20:56:07] system.debug: --> Request Class Initialized  
[2014-06-19 20:56:07] system.debug: --> Router Class Initialized array (  'host' => 'demo_blog',) 
[2014-06-19 20:56:07] system.debug: --> Translation file loaded: /var/www/demo_blog/app/translations/en/validator.php  
[2014-06-19 20:56:07] system.debug: --> Validator Class Initialized  
[2014-06-19 20:56:07] system.debug: --> Response Class Initialized  
[2014-06-19 20:56:07] system.debug: --> Form Class Initialized  
[2014-06-19 20:56:07] system.debug: --> Translator Class Initialized  
[2014-06-19 20:56:07] system.debug: --> Final output sent to browser array (  'time' => '0.0044',  'memory' => '1.37 MB',) 
[2014-06-19 21:29:05] system.debug: --> $_REQUEST_URI: /tutorials/hello_ajax/index  
[2014-06-19 21:29:05] system.debug: --> Global POST and COOKIE data sanitized  
[2014-06-19 21:29:05] system.debug: --> $_COOKIE:  array (  'session' => '7rrptkolrrdspgi0n8nfqhjnj0',) 
[2014-06-19 21:29:05] system.debug: --> $_POST:  array (  'email' => '',  'password' => '',  'confirm_password' => '',) 
[2014-06-19 21:29:05] system.debug: --> $_GET:   
[2014-06-19 21:29:05] system.debug: --> Uri Class Initialized  
[2014-06-19 21:29:05] system.debug: --> Request Class Initialized  
[2014-06-19 21:29:05] system.debug: --> Router Class Initialized array (  'host' => 'demo_blog',) 
[2014-06-19 21:29:05] system.debug: --> Translation file loaded: /var/www/demo_blog/app/translations/en/validator.php  
[2014-06-19 21:29:05] system.debug: --> Validator Class Initialized  
[2014-06-19 21:29:05] system.debug: --> Response Class Initialized  
[2014-06-19 21:29:05] system.debug: --> Form Class Initialized  
[2014-06-19 21:29:05] system.debug: --> Translator Class Initialized  
[2014-06-19 21:29:05] system.debug: --> Final output sent to browser array (  'time' => '0.0059',  'memory' => '1.37 MB',) 
