[2014-06-30 09:04:45] system.debug: --> $_REQUEST_URI: /index.php/tutorials/hello_ajax  
[2014-06-30 09:04:45] system.debug: --> Global POST and COOKIE data sanitized  
[2014-06-30 09:04:45] system.debug: --> $_COOKIE:   
[2014-06-30 09:04:45] system.debug: --> $_POST:  array (  'email' => '',  'password' => '',  'confirm_password' => '',) 
[2014-06-30 09:04:45] system.debug: --> $_GET:   
[2014-06-30 09:04:45] system.debug: --> Uri Class Initialized  
[2014-06-30 09:04:45] system.debug: --> Request Class Initialized  
[2014-06-30 09:04:45] system.debug: --> Router Class Initialized array (  'host' => 'framework',) 
[2014-06-30 09:04:45] system.debug: --> Translator Class Initialized  
[2014-06-30 09:04:45] system.debug: --> Translation file loaded: /var/www/framework/app/translations/en/validator.php  
[2014-06-30 09:04:45] system.debug: --> Validator Class Initialized  
[2014-06-30 09:04:45] system.debug: --> Form Class Initialized  
[2014-06-30 09:04:45] system.debug: --> Response Class Initialized  
[2014-06-30 09:04:45] system.debug: --> Final output sent to browser array (  'time' => '0.0048',  'memory' => '1.33 MB',) 
[2014-06-30 09:04:46] system.debug: --> $_REQUEST_URI: /index.php/tutorials/hello_ajax  
[2014-06-30 09:04:46] system.debug: --> Global POST and COOKIE data sanitized  
[2014-06-30 09:04:46] system.debug: --> $_COOKIE:   
[2014-06-30 09:04:46] system.debug: --> $_POST:  array (  'email' => '',  'password' => '',  'confirm_password' => '',  'agreement' => '1',) 
[2014-06-30 09:04:46] system.debug: --> $_GET:   
[2014-06-30 09:04:46] system.debug: --> Uri Class Initialized  
[2014-06-30 09:04:46] system.debug: --> Request Class Initialized  
[2014-06-30 09:04:46] system.debug: --> Router Class Initialized array (  'host' => 'framework',) 
[2014-06-30 09:04:46] system.debug: --> Translator Class Initialized  
[2014-06-30 09:04:46] system.debug: --> Translation file loaded: /var/www/framework/app/translations/en/validator.php  
[2014-06-30 09:04:46] system.debug: --> Validator Class Initialized  
[2014-06-30 09:04:46] system.debug: --> Form Class Initialized  
[2014-06-30 09:04:46] system.debug: --> Response Class Initialized  
[2014-06-30 09:04:46] system.debug: --> Final output sent to browser array (  'time' => '0.0052',  'memory' => '1.33 MB',) 
[2014-06-30 09:04:47] system.debug: --> $_REQUEST_URI: /index.php/tutorials/hello_ajax  
[2014-06-30 09:04:47] system.debug: --> Global POST and COOKIE data sanitized  
[2014-06-30 09:04:47] system.debug: --> $_COOKIE:   
[2014-06-30 09:04:47] system.debug: --> $_POST:  array (  'email' => '',  'password' => '',  'confirm_password' => '',) 
[2014-06-30 09:04:47] system.debug: --> $_GET:   
[2014-06-30 09:04:47] system.debug: --> Uri Class Initialized  
[2014-06-30 09:04:47] system.debug: --> Request Class Initialized  
[2014-06-30 09:04:47] system.debug: --> Router Class Initialized array (  'host' => 'framework',) 
[2014-06-30 09:04:47] system.debug: --> Translator Class Initialized  
[2014-06-30 09:04:47] system.debug: --> Translation file loaded: /var/www/framework/app/translations/en/validator.php  
[2014-06-30 09:04:47] system.debug: --> Validator Class Initialized  
[2014-06-30 09:04:47] system.debug: --> Form Class Initialized  
[2014-06-30 09:04:47] system.debug: --> Response Class Initialized  
[2014-06-30 09:04:47] system.debug: --> Final output sent to browser array (  'time' => '0.0049',  'memory' => '1.33 MB',) 
